INFO:data.fetch_oree:Loading 131 days of RDN prices...
INFO:data.fetch_oree:Fetched prices for 2026-01-01: 24 hours
INFO:data.fetch_oree:Stored 24 prices for 2026-01-01
INFO:data.fetch_oree:Progress: 0/131 days loaded
INFO:data.fetch_oree:Fetched prices for 2026-01-02: 24 hours
INFO:data.fetch_oree:Stored 24 prices for 2026-01-02
INFO:data.fetch_oree:Fetched prices for 2026-01-03: 24 hours
INFO:data.fetch_oree:Stored 24 prices for 2026-01-03
INFO:data.fetch_oree:Fetched prices for 2026-01-04: 24 hours
INFO:data.fetch_oree:Stored 24 prices for 2026-01-04
INFO:data.fetch_oree:Fetched prices for 2026-01-05: 24 hours
INFO:data.fetch_oree:Stored 24 prices for 2026-01-05
INFO:data.fetch_oree:Fetched prices for 2026-01-06: 24 hours
INFO:data.fetch_oree:Stored 24 prices for 2026-01-06
INFO:data.fetch_oree:Fetched prices for 2026-01-07: 24 hours
INFO:data.fetch_oree:Stored 24 prices for 2026-01-07
INFO:data.fetch_oree:Fetched prices for 2026-01-08: 24 hours
INFO:data.fetch_oree:Stored 24 prices for 2026-01-08
INFO:data.fetch_oree:Fetched prices for 2026-01-09: 24 hours
INFO:data.fetch_oree:Stored 24 prices for 2026-01-09
INFO:data.fetch_oree:Fetched prices for 2026-01-10: 24 hours
INFO:data.fetch_oree:Stored 24 prices for 2026-01-10
INFO:data.fetch_oree:Fetched prices for 2026-01-11: 24 hours
INFO:data.fetch_oree:Stored 24 prices for 2026-01-11
INFO:data.fetch_oree:Fetched prices for 2026-01-12: 24 hours
INFO:data.fetch_oree:Stored 24 prices for 2026-01-12
INFO:data.fetch_oree:Fetched prices for 2026-01-13: 24 hours
INFO:data.fetch_oree:Stored 24 prices for 2026-01-13
INFO:data.fetch_oree:Fetched prices for 2026-01-14: 24 hours
INFO:data.fetch_oree:Stored 24 prices for 2026-01-14
INFO:data.fetch_oree:Fetched prices for 2026-01-15: 24 hours
INFO:data.fetch_oree:Stored 24 prices for 2026-01-15
INFO:data.fetch_oree:Fetched prices for 2026-01-16: 24 hours
INFO:data.fetch_oree:Stored 24 prices for 2026-01-16
INFO:data.fetch_oree:Fetched prices for 2026-01-17: 24 hours
INFO:data.fetch_oree:Stored 24 prices for 2026-01-17
INFO:data.fetch_oree:Fetched prices for 2026-01-18: 24 hours
INFO:data.fetch_oree:Stored 24 prices for 2026-01-18
INFO:data.fetch_oree:Fetched prices for 2026-01-19: 24 hours
INFO:data.fetch_oree:Stored 24 prices for 2026-01-19
INFO:data.fetch_oree:Fetched prices for 2026-01-20: 24 hours
INFO:data.fetch_oree:Stored 24 prices for 2026-01-20
INFO:data.fetch_oree:Fetched prices for 2026-01-21: 24 hours
INFO:data.fetch_oree:Stored 24 prices for 2026-01-21
INFO:data.fetch_oree:Fetched prices for 2026-01-22: 24 hours
INFO:data.fetch_oree:Stored 24 prices for 2026-01-22
INFO:data.fetch_oree:Fetched prices for 2026-01-23: 24 hours
INFO:data.fetch_oree:Stored 24 prices for 2026-01-23
INFO:data.fetch_oree:Fetched prices for 2026-01-24: 24 hours
INFO:data.fetch_oree:Stored 24 prices for 2026-01-24
INFO:data.fetch_oree:Fetched prices for 2026-01-25: 24 hours
INFO:data.fetch_oree:Stored 24 prices for 2026-01-25
INFO:data.fetch_oree:Fetched prices for 2026-01-26: 24 hours
INFO:data.fetch_oree:Stored 24 prices for 2026-01-26
INFO:data.fetch_oree:Fetched prices for 2026-01-27: 24 hours
INFO:data.fetch_oree:Stored 24 prices for 2026-01-27
INFO:data.fetch_oree:Fetched prices for 2026-01-28: 24 hours
INFO:data.fetch_oree:Stored 24 prices for 2026-01-28
INFO:data.fetch_oree:Fetched prices for 2026-01-29: 24 hours
INFO:data.fetch_oree:Stored 24 prices for 2026-01-29
INFO:data.fetch_oree:Fetched prices for 2026-01-30: 24 hours
INFO:data.fetch_oree:Stored 24 prices for 2026-01-30
INFO:data.fetch_oree:Fetched prices for 2026-01-31: 24 hours
INFO:data.fetch_oree:Stored 24 prices for 2026-01-31
INFO:data.fetch_oree:Progress: 30/131 days loaded
INFO:data.fetch_oree:Fetched prices for 2026-02-01: 24 hours
INFO:data.fetch_oree:Stored 24 prices for 2026-02-01
INFO:data.fetch_oree:Fetched prices for 2026-02-02: 24 hours
INFO:data.fetch_oree:Stored 24 prices for 2026-02-02
INFO:data.fetch_oree:Fetched prices for 2026-02-03: 24 hours
INFO:data.fetch_oree:Stored 24 prices for 2026-02-03
INFO:data.fetch_oree:Fetched prices for 2026-02-04: 24 hours
INFO:data.fetch_oree:Stored 24 prices for 2026-02-04
INFO:data.fetch_oree:Fetched prices for 2026-02-05: 24 hours
INFO:data.fetch_oree:Stored 24 prices for 2026-02-05
INFO:data.fetch_oree:Fetched prices for 2026-02-06: 24 hours
INFO:data.fetch_oree:Stored 24 prices for 2026-02-06
INFO:data.fetch_oree:Fetched prices for 2026-02-07: 24 hours
INFO:data.fetch_oree:Stored 24 prices for 2026-02-07
INFO:data.fetch_oree:Fetched prices for 2026-02-08: 24 hours
INFO:data.fetch_oree:Stored 24 prices for 2026-02-08
INFO:data.fetch_oree:Fetched prices for 2026-02-09: 24 hours
INFO:data.fetch_oree:Stored 24 prices for 2026-02-09
INFO:data.fetch_oree:Fetched prices for 2026-02-10: 24 hours
INFO:data.fetch_oree:Stored 24 prices for 2026-02-10
INFO:data.fetch_oree:Fetched prices for 2026-02-11: 24 hours
INFO:data.fetch_oree:Stored 24 prices for 2026-02-11
INFO:data.fetch_oree:Fetched prices for 2026-02-12: 24 hours
INFO:data.fetch_oree:Stored 24 prices for 2026-02-12
INFO:data.fetch_oree:Fetched prices for 2026-02-13: 24 hours
INFO:data.fetch_oree:Stored 24 prices for 2026-02-13
INFO:data.fetch_oree:Fetched prices for 2026-02-14: 24 hours
INFO:data.fetch_oree:Stored 24 prices for 2026-02-14
INFO:data.fetch_oree:Fetched prices for 2026-02-15: 24 hours
INFO:data.fetch_oree:Stored 24 prices for 2026-02-15
INFO:data.fetch_oree:Fetched prices for 2026-02-16: 24 hours
INFO:data.fetch_oree:Stored 24 prices for 2026-02-16
INFO:data.fetch_oree:Fetched prices for 2026-02-17: 24 hours
INFO:data.fetch_oree:Stored 24 prices for 2026-02-17
INFO:data.fetch_oree:Fetched prices for 2026-02-18: 24 hours
INFO:data.fetch_oree:Stored 24 prices for 2026-02-18
INFO:data.fetch_oree:Fetched prices for 2026-02-19: 24 hours
INFO:data.fetch_oree:Stored 24 prices for 2026-02-19
INFO:data.fetch_oree:Fetched prices for 2026-02-20: 24 hours
INFO:data.fetch_oree:Stored 24 prices for 2026-02-20
INFO:data.fetch_oree:Fetched prices for 2026-02-21: 24 hours
INFO:data.fetch_oree:Stored 24 prices for 2026-02-21
INFO:data.fetch_oree:Fetched prices for 2026-02-22: 24 hours
INFO:data.fetch_oree:Stored 24 prices for 2026-02-22
INFO:data.fetch_oree:Fetched prices for 2026-02-23: 24 hours
INFO:data.fetch_oree:Stored 24 prices for 2026-02-23
INFO:data.fetch_oree:Fetched prices for 2026-02-24: 24 hours
INFO:data.fetch_oree:Stored 24 prices for 2026-02-24
INFO:data.fetch_oree:Fetched prices for 2026-02-25: 24 hours
INFO:data.fetch_oree:Stored 24 prices for 2026-02-25
INFO:data.fetch_oree:Fetched prices for 2026-02-26: 24 hours
INFO:data.fetch_oree:Stored 24 prices for 2026-02-26
INFO:data.fetch_oree:Fetched prices for 2026-02-27: 24 hours
INFO:data.fetch_oree:Stored 24 prices for 2026-02-27
INFO:data.fetch_oree:Fetched prices for 2026-02-28: 24 hours
INFO:data.fetch_oree:Stored 24 prices for 2026-02-28
INFO:data.fetch_oree:Fetched prices for 2026-03-01: 24 hours
INFO:data.fetch_oree:Stored 24 prices for 2026-03-01
INFO:data.fetch_oree:Fetched prices for 2026-03-02: 24 hours
INFO:data.fetch_oree:Stored 24 prices for 2026-03-02
INFO:data.fetch_oree:Progress: 60/131 days loaded
INFO:data.fetch_oree:Fetched prices for 2026-03-03: 24 hours
INFO:data.fetch_oree:Stored 24 prices for 2026-03-03
INFO:data.fetch_oree:Fetched prices for 2026-03-04: 24 hours
INFO:data.fetch_oree:Stored 24 prices for 2026-03-04
INFO:data.fetch_oree:Fetched prices for 2026-03-05: 24 hours
INFO:data.fetch_oree:Stored 24 prices for 2026-03-05
INFO:data.fetch_oree:Fetched prices for 2026-03-06: 24 hours
INFO:data.fetch_oree:Stored 24 prices for 2026-03-06
INFO:data.fetch_oree:Fetched prices for 2026-03-07: 24 hours
INFO:data.fetch_oree:Stored 24 prices for 2026-03-07
INFO:data.fetch_oree:Fetched prices for 2026-03-08: 24 hours
INFO:data.fetch_oree:Stored 24 prices for 2026-03-08
INFO:data.fetch_oree:Fetched prices for 2026-03-09: 24 hours
INFO:data.fetch_oree:Stored 24 prices for 2026-03-09
INFO:data.fetch_oree:Fetched prices for 2026-03-10: 24 hours
INFO:data.fetch_oree:Stored 24 prices for 2026-03-10
INFO:data.fetch_oree:Fetched prices for 2026-03-11: 24 hours
INFO:data.fetch_oree:Stored 24 prices for 2026-03-11
INFO:data.fetch_oree:Fetched prices for 2026-03-12: 24 hours
INFO:data.fetch_oree:Stored 24 prices for 2026-03-12
INFO:data.fetch_oree:Fetched prices for 2026-03-13: 24 hours
INFO:data.fetch_oree:Stored 24 prices for 2026-03-13
INFO:data.fetch_oree:Fetched prices for 2026-03-14: 24 hours
INFO:data.fetch_oree:Stored 24 prices for 2026-03-14
INFO:data.fetch_oree:Fetched prices for 2026-03-15: 24 hours
INFO:data.fetch_oree:Stored 24 prices for 2026-03-15
INFO:data.fetch_oree:Fetched prices for 2026-03-16: 24 hours
INFO:data.fetch_oree:Stored 24 prices for 2026-03-16
INFO:data.fetch_oree:Fetched prices for 2026-03-17: 24 hours
INFO:data.fetch_oree:Stored 24 prices for 2026-03-17
INFO:data.fetch_oree:Fetched prices for 2026-03-18: 24 hours
INFO:data.fetch_oree:Stored 24 prices for 2026-03-18
INFO:data.fetch_oree:Fetched prices for 2026-03-19: 24 hours
INFO:data.fetch_oree:Stored 24 prices for 2026-03-19
INFO:data.fetch_oree:Fetched prices for 2026-03-20: 24 hours
INFO:data.fetch_oree:Stored 24 prices for 2026-03-20
INFO:data.fetch_oree:Fetched prices for 2026-03-21: 24 hours
INFO:data.fetch_oree:Stored 24 prices for 2026-03-21
INFO:data.fetch_oree:Fetched prices for 2026-03-22: 24 hours
INFO:data.fetch_oree:Stored 24 prices for 2026-03-22
INFO:data.fetch_oree:Fetched prices for 2026-03-23: 24 hours
INFO:data.fetch_oree:Stored 24 prices for 2026-03-23
INFO:data.fetch_oree:Fetched prices for 2026-03-24: 24 hours
INFO:data.fetch_oree:Stored 24 prices for 2026-03-24
INFO:data.fetch_oree:Fetched prices for 2026-03-25: 24 hours
INFO:data.fetch_oree:Stored 24 prices for 2026-03-25
INFO:data.fetch_oree:Fetched prices for 2026-03-26: 24 hours
INFO:data.fetch_oree:Stored 24 prices for 2026-03-26
INFO:data.fetch_oree:Fetched prices for 2026-03-27: 24 hours
INFO:data.fetch_oree:Stored 24 prices for 2026-03-27
INFO:data.fetch_oree:Fetched prices for 2026-03-28: 24 hours
INFO:data.fetch_oree:Stored 24 prices for 2026-03-28
INFO:data.fetch_oree:Fetched prices for 2026-03-29: 24 hours
INFO:data.fetch_oree:Stored 24 prices for 2026-03-29
INFO:data.fetch_oree:Fetched prices for 2026-03-30: 24 hours
INFO:data.fetch_oree:Stored 24 prices for 2026-03-30
INFO:data.fetch_oree:Fetched prices for 2026-03-31: 24 hours
INFO:data.fetch_oree:Stored 24 prices for 2026-03-31
INFO:data.fetch_oree:Fetched prices for 2026-04-01: 24 hours
INFO:data.fetch_oree:Stored 24 prices for 2026-04-01
INFO:data.fetch_oree:Progress: 90/131 days loaded
INFO:data.fetch_oree:Fetched prices for 2026-04-02: 24 hours
INFO:data.fetch_oree:Stored 24 prices for 2026-04-02
INFO:data.fetch_oree:Fetched prices for 2026-04-03: 24 hours
INFO:data.fetch_oree:Stored 24 prices for 2026-04-03
INFO:data.fetch_oree:Fetched prices for 2026-04-04: 24 hours
INFO:data.fetch_oree:Stored 24 prices for 2026-04-04
INFO:data.fetch_oree:Fetched prices for 2026-04-05: 24 hours
INFO:data.fetch_oree:Stored 24 prices for 2026-04-05
INFO:data.fetch_oree:Fetched prices for 2026-04-06: 24 hours
INFO:data.fetch_oree:Stored 24 prices for 2026-04-06
INFO:data.fetch_oree:Fetched prices for 2026-04-07: 24 hours
INFO:data.fetch_oree:Stored 24 prices for 2026-04-07
INFO:data.fetch_oree:Fetched prices for 2026-04-08: 24 hours
INFO:data.fetch_oree:Stored 24 prices for 2026-04-08
INFO:data.fetch_oree:Fetched prices for 2026-04-09: 24 hours
INFO:data.fetch_oree:Stored 24 prices for 2026-04-09
INFO:data.fetch_oree:Fetched prices for 2026-04-10: 24 hours
INFO:data.fetch_oree:Stored 24 prices for 2026-04-10
INFO:data.fetch_oree:Fetched prices for 2026-04-11: 24 hours
INFO:data.fetch_oree:Stored 24 prices for 2026-04-11
INFO:data.fetch_oree:Fetched prices for 2026-04-12: 24 hours
INFO:data.fetch_oree:Stored 24 prices for 2026-04-12
INFO:data.fetch_oree:Fetched prices for 2026-04-13: 24 hours
INFO:data.fetch_oree:Stored 24 prices for 2026-04-13
INFO:data.fetch_oree:Fetched prices for 2026-04-14: 24 hours
INFO:data.fetch_oree:Stored 24 prices for 2026-04-14
INFO:data.fetch_oree:Fetched prices for 2026-04-15: 24 hours
INFO:data.fetch_oree:Stored 24 prices for 2026-04-15
INFO:data.fetch_oree:Fetched prices for 2026-04-16: 24 hours
INFO:data.fetch_oree:Stored 24 prices for 2026-04-16
INFO:data.fetch_oree:Fetched prices for 2026-04-17: 24 hours
INFO:data.fetch_oree:Stored 24 prices for 2026-04-17
INFO:data.fetch_oree:Fetched prices for 2026-04-18: 24 hours
INFO:data.fetch_oree:Stored 24 prices for 2026-04-18
INFO:data.fetch_oree:Fetched prices for 2026-04-19: 24 hours
INFO:data.fetch_oree:Stored 24 prices for 2026-04-19
INFO:data.fetch_oree:Fetched prices for 2026-04-20: 24 hours
INFO:data.fetch_oree:Stored 24 prices for 2026-04-20
INFO:data.fetch_oree:Fetched prices for 2026-04-21: 24 hours
INFO:data.fetch_oree:Stored 24 prices for 2026-04-21
INFO:data.fetch_oree:Fetched prices for 2026-04-22: 24 hours
INFO:data.fetch_oree:Stored 24 prices for 2026-04-22
INFO:data.fetch_oree:Fetched prices for 2026-04-23: 24 hours
INFO:data.fetch_oree:Stored 24 prices for 2026-04-23
INFO:data.fetch_oree:Fetched prices for 2026-04-24: 24 hours
INFO:data.fetch_oree:Stored 24 prices for 2026-04-24
INFO:data.fetch_oree:Fetched prices for 2026-04-25: 24 hours
INFO:data.fetch_oree:Stored 24 prices for 2026-04-25
INFO:data.fetch_oree:Fetched prices for 2026-04-26: 24 hours
INFO:data.fetch_oree:Stored 24 prices for 2026-04-26
INFO:data.fetch_oree:Fetched prices for 2026-04-27: 24 hours
INFO:data.fetch_oree:Stored 24 prices for 2026-04-27
INFO:data.fetch_oree:Fetched prices for 2026-04-28: 24 hours
INFO:data.fetch_oree:Stored 24 prices for 2026-04-28
INFO:data.fetch_oree:Fetched prices for 2026-04-29: 24 hours
INFO:data.fetch_oree:Stored 24 prices for 2026-04-29
INFO:data.fetch_oree:Fetched prices for 2026-04-30: 24 hours
INFO:data.fetch_oree:Stored 24 prices for 2026-04-30
INFO:data.fetch_oree:Fetched prices for 2026-05-01: 24 hours
INFO:data.fetch_oree:Stored 24 prices for 2026-05-01
INFO:data.fetch_oree:Progress: 120/131 days loaded
INFO:data.fetch_oree:Fetched prices for 2026-05-02: 24 hours
INFO:data.fetch_oree:Stored 24 prices for 2026-05-02
INFO:data.fetch_oree:Fetched prices for 2026-05-03: 24 hours
INFO:data.fetch_oree:Stored 24 prices for 2026-05-03
INFO:data.fetch_oree:Fetched prices for 2026-05-04: 24 hours
INFO:data.fetch_oree:Stored 24 prices for 2026-05-04
INFO:data.fetch_oree:Fetched prices for 2026-05-05: 24 hours
INFO:data.fetch_oree:Stored 24 prices for 2026-05-05
INFO:data.fetch_oree:Fetched prices for 2026-05-06: 24 hours
INFO:data.fetch_oree:Stored 24 prices for 2026-05-06
INFO:data.fetch_oree:Fetched prices for 2026-05-07: 24 hours
INFO:data.fetch_oree:Stored 24 prices for 2026-05-07
INFO:data.fetch_oree:Fetched prices for 2026-05-08: 24 hours
INFO:data.fetch_oree:Stored 24 prices for 2026-05-08
INFO:data.fetch_oree:Fetched prices for 2026-05-09: 24 hours
INFO:data.fetch_oree:Stored 24 prices for 2026-05-09
INFO:data.fetch_oree:Fetched prices for 2026-05-10: 24 hours
INFO:data.fetch_oree:Stored 24 prices for 2026-05-10
INFO:data.fetch_oree:Fetched prices for 2026-05-11: 24 hours
INFO:data.fetch_oree:Stored 24 prices for 2026-05-11
INFO:data.fetch_oree:✅ Loaded 131/131 dates successfully
INFO:data.fetch_oree:Generating demand profile for 131 days...
INFO:data.fetch_oree:Generated 30/131 days of demand
INFO:data.fetch_oree:Generated 60/131 days of demand
INFO:data.fetch_oree:Generated 90/131 days of demand
INFO:data.fetch_oree:Generated 120/131 days of demand
INFO:data.fetch_oree:✅ Generated demand profile for 131 days
INFO:simulator:======================================================================
INFO:simulator:ANNUAL SIMULATION: 2026-01-01 to 2026-05-11
INFO:simulator:Total days: 131
INFO:simulator:======================================================================
INFO:optimizer_v5_scipy:[V5] Optimizing 2026-01-01 with grid charging (arbitrage enabled)
INFO:optimizer_v5_scipy:[V5] LP: 216 variables, 72 inequality + 72 equality constraints
INFO:optimizer_v5_scipy:[V5] 2026-01-01 → Revenue: 19,950 грн, Energy balance error: 0.0 kWh, PV util: 100.0%, Grid arbitrage: -0.00 MWh

======================================================================
 BATTERY SIMULATOR - FULL YEAR RUN
======================================================================

[1/3] Preparing price data (OREE)...

[2/3] Generating site demand profile...

[3/3] Running full-year simulation...
      (This will optimize 365 days × 24 hours)

Traceback (most recent call last):
  File "/home/openclaw/.openclaw/workspace/battery-simulator/run_simulation.py", line 134, in <module>
    success = main()
  File "/home/openclaw/.openclaw/workspace/battery-simulator/run_simulation.py", line 85, in main
    results = simulator.simulate_year(start_date, end_date)
  File "/home/openclaw/.openclaw/workspace/battery-simulator/src/simulator.py", line 148, in simulate_year
    grid_buy = sum(d["grid_import"] for d in dispatch) / 1000
               ~~~^^^^^^^^^^^^^^^^^^^^^^^^^^^^^^^^^^^^
  File "/home/openclaw/.openclaw/workspace/battery-simulator/src/simulator.py", line 148, in <genexpr>
    grid_buy = sum(d["grid_import"] for d in dispatch) / 1000
                   ~^^^^^^^^^^^^^^^
KeyError: 'grid_import'
